2025-06-04 12:51:26.777 | INFO     | utils_logger:<module>:41 - Logging to file: logs\project_log.log
2025-06-04 12:51:26.777 | INFO     | __main__:main:38 - Starting database setup...
2025-06-04 12:51:26.781 | INFO     | __main__:main:52 - Connected to database: C:\Projects\datafun-05-sql\data\db.sqlite
2025-06-04 12:51:26.788 | INFO     | __main__:execute_sql_file:30 - Executed: C:\Projects\datafun-05-sql\sql_create\01_drop_tables.sql
2025-06-04 12:51:26.797 | INFO     | __main__:execute_sql_file:30 - Executed: C:\Projects\datafun-05-sql\sql_create\02_create_tables.sql
2025-06-04 12:51:26.804 | INFO     | __main__:execute_sql_file:30 - Executed: C:\Projects\datafun-05-sql\sql_create\03_insert_records.sql
2025-06-04 12:51:26.804 | INFO     | __main__:main:60 - Database setup completed successfully.
2025-06-04 12:51:26.805 | INFO     | __main__:main:65 - Database connection closed.
2025-06-05 12:26:31.174 | INFO     | utils_logger:<module>:41 - Logging to file: logs\project_log.log
2025-06-05 12:26:31.175 | INFO     | __main__:main:38 - Starting database setup...
2025-06-05 12:26:31.175 | INFO     | __main__:main:52 - Connected to database: C:\Projects\datafun-05-sql\data\db.sqlite
2025-06-05 12:26:31.195 | INFO     | __main__:execute_sql_file:30 - Executed: C:\Projects\datafun-05-sql\sql_create\01_drop_tables.sql
2025-06-05 12:26:31.203 | INFO     | __main__:execute_sql_file:30 - Executed: C:\Projects\datafun-05-sql\sql_create\02_create_tables.sql
2025-06-05 12:26:31.216 | INFO     | __main__:execute_sql_file:30 - Executed: C:\Projects\datafun-05-sql\sql_create\03_insert_records.sql
2025-06-05 12:26:31.217 | INFO     | __main__:main:60 - Database setup completed successfully.
2025-06-05 12:26:31.217 | INFO     | __main__:main:65 - Database connection closed.
2025-06-05 12:26:53.066 | INFO     | utils_logger:<module>:41 - Logging to file: logs\project_log.log
2025-06-05 12:26:53.067 | INFO     | __main__:main:36 - Starting feature queries execution...
2025-06-05 12:26:53.067 | INFO     | __main__:main:52 - Connected to database: C:\Projects\datafun-05-sql\data\db.sqlite
2025-06-05 12:26:53.081 | INFO     | __main__:execute_sql_file:27 - Executed: C:\Projects\datafun-05-sql\sql_features\01_new_column_pub_age.sql
2025-06-05 12:26:53.081 | INFO     | __main__:main:58 - Feature queries execution completed successfully.
2025-06-05 12:26:53.082 | INFO     | __main__:main:63 - Database connection closed.
2025-06-05 12:27:52.919 | INFO     | utils_logger:<module>:41 - Logging to file: logs\project_log.log
2025-06-05 12:27:52.920 | INFO     | __main__:main:38 - Starting database setup...
2025-06-05 12:27:52.920 | INFO     | __main__:main:52 - Connected to database: C:\Projects\datafun-05-sql\data\db.sqlite
2025-06-05 12:27:52.921 | INFO     | __main__:execute_sql_file:30 - Executed: C:\Projects\datafun-05-sql\sql_create\01_drop_tables.sql
2025-06-05 12:27:52.933 | INFO     | __main__:execute_sql_file:30 - Executed: C:\Projects\datafun-05-sql\sql_create\02_create_tables.sql
2025-06-05 12:27:52.941 | INFO     | __main__:execute_sql_file:30 - Executed: C:\Projects\datafun-05-sql\sql_create\03_insert_records.sql
2025-06-05 12:27:52.941 | INFO     | __main__:main:60 - Database setup completed successfully.
2025-06-05 12:27:52.943 | INFO     | __main__:main:65 - Database connection closed.
2025-06-05 12:28:08.585 | INFO     | utils_logger:<module>:41 - Logging to file: logs\project_log.log
2025-06-05 12:28:08.585 | INFO     | __main__:main:36 - Starting feature queries execution...
2025-06-05 12:28:08.586 | INFO     | __main__:main:52 - Connected to database: C:\Projects\datafun-05-sql\data\db.sqlite
2025-06-05 12:28:08.600 | INFO     | __main__:execute_sql_file:27 - Executed: C:\Projects\datafun-05-sql\sql_features\01_new_column_pub_age.sql
2025-06-05 12:28:08.600 | INFO     | __main__:main:58 - Feature queries execution completed successfully.
2025-06-05 12:28:08.601 | INFO     | __main__:main:63 - Database connection closed.
2025-06-05 12:39:42.976 | INFO     | utils_logger:<module>:41 - Logging to file: logs\project_log.log
2025-06-05 12:39:42.977 | INFO     | __main__:main:38 - Starting database setup...
2025-06-05 12:39:42.977 | INFO     | __main__:main:52 - Connected to database: C:\Projects\datafun-05-sql\data\db.sqlite
2025-06-05 12:39:42.991 | INFO     | __main__:execute_sql_file:30 - Executed: C:\Projects\datafun-05-sql\sql_create\01_drop_tables.sql
2025-06-05 12:39:42.998 | INFO     | __main__:execute_sql_file:30 - Executed: C:\Projects\datafun-05-sql\sql_create\02_create_tables.sql
2025-06-05 12:39:43.006 | INFO     | __main__:execute_sql_file:30 - Executed: C:\Projects\datafun-05-sql\sql_create\03_insert_records.sql
2025-06-05 12:39:43.006 | INFO     | __main__:main:60 - Database setup completed successfully.
2025-06-05 12:39:43.007 | INFO     | __main__:main:65 - Database connection closed.
2025-06-05 12:39:45.076 | INFO     | utils_logger:<module>:41 - Logging to file: logs\project_log.log
2025-06-05 12:39:45.076 | INFO     | __main__:main:36 - Starting feature queries execution...
2025-06-05 12:39:45.077 | INFO     | __main__:main:52 - Connected to database: C:\Projects\datafun-05-sql\data\db.sqlite
2025-06-05 12:39:45.085 | INFO     | __main__:execute_sql_file:27 - Executed: C:\Projects\datafun-05-sql\sql_features\01_new_column_pub_age.sql
2025-06-05 12:39:45.085 | INFO     | __main__:main:58 - Feature queries execution completed successfully.
2025-06-05 12:39:45.086 | INFO     | __main__:main:63 - Database connection closed.
2025-06-05 12:57:45.044 | INFO     | utils_logger:<module>:41 - Logging to file: logs\project_log.log
2025-06-05 12:57:45.044 | INFO     | __main__:main:38 - Starting database setup...
2025-06-05 12:57:45.045 | INFO     | __main__:main:52 - Connected to database: C:\Projects\datafun-05-sql\data\db.sqlite
2025-06-05 12:57:45.055 | INFO     | __main__:execute_sql_file:30 - Executed: C:\Projects\datafun-05-sql\sql_create\01_drop_tables.sql
2025-06-05 12:57:45.064 | INFO     | __main__:execute_sql_file:30 - Executed: C:\Projects\datafun-05-sql\sql_create\02_create_tables.sql
2025-06-05 12:57:45.067 | ERROR    | __main__:execute_sql_file:32 - Failed to execute C:\Projects\datafun-05-sql\sql_create\03_insert_records.sql: near "1957": syntax error
2025-06-05 12:57:45.068 | ERROR    | __main__:main:62 - Error during database setup: near "1957": syntax error
2025-06-05 12:57:45.069 | INFO     | __main__:main:65 - Database connection closed.
2025-06-05 12:58:15.990 | INFO     | utils_logger:<module>:41 - Logging to file: logs\project_log.log
2025-06-05 12:58:15.991 | INFO     | __main__:main:38 - Starting database setup...
2025-06-05 12:58:15.991 | INFO     | __main__:main:52 - Connected to database: C:\Projects\datafun-05-sql\data\db.sqlite
2025-06-05 12:58:16.006 | INFO     | __main__:execute_sql_file:30 - Executed: C:\Projects\datafun-05-sql\sql_create\01_drop_tables.sql
2025-06-05 12:58:16.014 | INFO     | __main__:execute_sql_file:30 - Executed: C:\Projects\datafun-05-sql\sql_create\02_create_tables.sql
2025-06-05 12:58:16.022 | INFO     | __main__:execute_sql_file:30 - Executed: C:\Projects\datafun-05-sql\sql_create\03_insert_records.sql
2025-06-05 12:58:16.022 | INFO     | __main__:main:60 - Database setup completed successfully.
2025-06-05 12:58:16.023 | INFO     | __main__:main:65 - Database connection closed.
2025-06-05 12:58:18.142 | INFO     | utils_logger:<module>:41 - Logging to file: logs\project_log.log
2025-06-05 12:58:18.142 | INFO     | __main__:main:36 - Starting feature queries execution...
2025-06-05 12:58:18.143 | INFO     | __main__:main:52 - Connected to database: C:\Projects\datafun-05-sql\data\db.sqlite
2025-06-05 12:58:18.156 | INFO     | __main__:execute_sql_file:27 - Executed: C:\Projects\datafun-05-sql\sql_features\01_new_column_pub_age.sql
2025-06-05 12:58:18.157 | INFO     | __main__:main:58 - Feature queries execution completed successfully.
2025-06-05 12:58:18.158 | INFO     | __main__:main:63 - Database connection closed.
2025-06-05 15:01:03.825 | INFO     | utils_logger:<module>:41 - Logging to file: logs\project_log.log
2025-06-05 15:01:03.826 | INFO     | __main__:main:38 - Starting database setup...
2025-06-05 15:01:03.826 | INFO     | __main__:main:52 - Connected to database: C:\Projects\datafun-05-sql\data\db.sqlite
2025-06-05 15:01:03.834 | INFO     | __main__:execute_sql_file:30 - Executed: C:\Projects\datafun-05-sql\sql_create\01_drop_tables.sql
2025-06-05 15:01:03.842 | INFO     | __main__:execute_sql_file:30 - Executed: C:\Projects\datafun-05-sql\sql_create\02_create_tables.sql
2025-06-05 15:01:03.849 | INFO     | __main__:execute_sql_file:30 - Executed: C:\Projects\datafun-05-sql\sql_create\03_insert_records.sql
2025-06-05 15:01:03.849 | INFO     | __main__:main:60 - Database setup completed successfully.
2025-06-05 15:01:03.850 | INFO     | __main__:main:65 - Database connection closed.
2025-06-05 15:01:06.583 | INFO     | utils_logger:<module>:41 - Logging to file: logs\project_log.log
2025-06-05 15:01:06.583 | INFO     | __main__:main:36 - Starting feature queries execution...
2025-06-05 15:01:06.584 | INFO     | __main__:main:52 - Connected to database: C:\Projects\datafun-05-sql\data\db.sqlite
2025-06-05 15:01:06.598 | INFO     | __main__:execute_sql_file:27 - Executed: C:\Projects\datafun-05-sql\sql_features\01_new_column_pub_age.sql
2025-06-05 15:01:06.598 | INFO     | __main__:main:58 - Feature queries execution completed successfully.
2025-06-05 15:01:06.599 | INFO     | __main__:main:63 - Database connection closed.
2025-06-05 15:55:35.350 | INFO     | utils_logger:<module>:41 - Logging to file: logs\project_log.log
2025-06-05 15:55:35.351 | INFO     | __main__:main:38 - Starting database setup...
2025-06-05 15:55:35.351 | INFO     | __main__:main:52 - Connected to database: C:\Projects\datafun-05-sql\data\db.sqlite
2025-06-05 15:55:35.368 | INFO     | __main__:execute_sql_file:30 - Executed: C:\Projects\datafun-05-sql\sql_create\01_drop_tables.sql
2025-06-05 15:55:35.378 | INFO     | __main__:execute_sql_file:30 - Executed: C:\Projects\datafun-05-sql\sql_create\02_create_tables.sql
2025-06-05 15:55:35.387 | INFO     | __main__:execute_sql_file:30 - Executed: C:\Projects\datafun-05-sql\sql_create\03_insert_records.sql
2025-06-05 15:55:35.387 | INFO     | __main__:main:60 - Database setup completed successfully.
2025-06-05 15:55:35.388 | INFO     | __main__:main:65 - Database connection closed.
2025-06-05 15:55:37.130 | INFO     | utils_logger:<module>:41 - Logging to file: logs\project_log.log
2025-06-05 15:55:37.131 | INFO     | __main__:main:36 - Starting feature queries execution...
2025-06-05 15:55:37.132 | INFO     | __main__:main:52 - Connected to database: C:\Projects\datafun-05-sql\data\db.sqlite
2025-06-05 15:55:37.144 | INFO     | __main__:execute_sql_file:27 - Executed: C:\Projects\datafun-05-sql\sql_features\01_new_column_pub_age.sql
2025-06-05 15:55:37.144 | INFO     | __main__:main:58 - Feature queries execution completed successfully.
2025-06-05 15:55:37.145 | INFO     | __main__:main:63 - Database connection closed.
2025-06-06 14:19:08.405 | INFO     | utils_logger:<module>:41 - Logging to file: logs\project_log.log
2025-06-06 14:19:08.405 | INFO     | __main__:main:38 - Starting database setup...
2025-06-06 14:19:08.406 | INFO     | __main__:main:52 - Connected to database: C:\Projects\datafun-05-sql\data\db.sqlite
2025-06-06 14:19:08.416 | INFO     | __main__:execute_sql_file:30 - Executed: C:\Projects\datafun-05-sql\sql_create\01_drop_tables.sql
2025-06-06 14:19:08.425 | INFO     | __main__:execute_sql_file:30 - Executed: C:\Projects\datafun-05-sql\sql_create\02_create_tables.sql
2025-06-06 14:19:08.435 | INFO     | __main__:execute_sql_file:30 - Executed: C:\Projects\datafun-05-sql\sql_create\03_insert_records.sql
2025-06-06 14:19:08.435 | INFO     | __main__:main:60 - Database setup completed successfully.
2025-06-06 14:19:08.436 | INFO     | __main__:main:65 - Database connection closed.
2025-06-06 14:19:13.089 | INFO     | utils_logger:<module>:41 - Logging to file: logs\project_log.log
2025-06-06 14:19:13.090 | INFO     | __main__:main:36 - Starting feature queries execution...
2025-06-06 14:19:13.091 | INFO     | __main__:main:52 - Connected to database: C:\Projects\datafun-05-sql\data\db.sqlite
2025-06-06 14:19:13.102 | INFO     | __main__:execute_sql_file:27 - Executed: C:\Projects\datafun-05-sql\sql_features\01_new_column_pub_age.sql
2025-06-06 14:19:13.103 | ERROR    | __main__:execute_sql_file:29 - Failed to execute C:\Projects\datafun-05-sql\sql_features\02_update_records.sql: duplicate column name: author_age_at_publication
2025-06-06 14:19:13.104 | ERROR    | __main__:main:60 - Error during feature queries execution: duplicate column name: author_age_at_publication
2025-06-06 14:19:13.105 | INFO     | __main__:main:63 - Database connection closed.
2025-06-06 14:19:42.972 | INFO     | utils_logger:<module>:41 - Logging to file: logs\project_log.log
2025-06-06 14:19:42.972 | INFO     | __main__:main:38 - Starting database setup...
2025-06-06 14:19:42.973 | INFO     | __main__:main:52 - Connected to database: C:\Projects\datafun-05-sql\data\db.sqlite
2025-06-06 14:19:42.982 | INFO     | __main__:execute_sql_file:30 - Executed: C:\Projects\datafun-05-sql\sql_create\01_drop_tables.sql
2025-06-06 14:19:42.992 | INFO     | __main__:execute_sql_file:30 - Executed: C:\Projects\datafun-05-sql\sql_create\02_create_tables.sql
2025-06-06 14:19:43.000 | INFO     | __main__:execute_sql_file:30 - Executed: C:\Projects\datafun-05-sql\sql_create\03_insert_records.sql
2025-06-06 14:19:43.000 | INFO     | __main__:main:60 - Database setup completed successfully.
2025-06-06 14:19:43.001 | INFO     | __main__:main:65 - Database connection closed.
2025-06-06 14:19:47.098 | INFO     | utils_logger:<module>:41 - Logging to file: logs\project_log.log
2025-06-06 14:19:47.098 | INFO     | __main__:main:36 - Starting feature queries execution...
2025-06-06 14:19:47.099 | INFO     | __main__:main:52 - Connected to database: C:\Projects\datafun-05-sql\data\db.sqlite
2025-06-06 14:19:47.110 | INFO     | __main__:execute_sql_file:27 - Executed: C:\Projects\datafun-05-sql\sql_features\01_new_column_pub_age.sql
2025-06-06 14:19:47.110 | ERROR    | __main__:execute_sql_file:29 - Failed to execute C:\Projects\datafun-05-sql\sql_features\02_update_records.sql: duplicate column name: author_age_at_publication
2025-06-06 14:19:47.111 | ERROR    | __main__:main:60 - Error during feature queries execution: duplicate column name: author_age_at_publication
2025-06-06 14:19:47.112 | INFO     | __main__:main:63 - Database connection closed.
2025-06-06 14:19:56.953 | INFO     | utils_logger:<module>:41 - Logging to file: logs\project_log.log
2025-06-06 14:19:56.954 | INFO     | __main__:main:38 - Starting database setup...
2025-06-06 14:19:56.955 | INFO     | __main__:main:52 - Connected to database: C:\Projects\datafun-05-sql\data\db.sqlite
2025-06-06 14:19:56.956 | INFO     | __main__:execute_sql_file:30 - Executed: C:\Projects\datafun-05-sql\sql_create\01_drop_tables.sql
2025-06-06 14:19:56.966 | INFO     | __main__:execute_sql_file:30 - Executed: C:\Projects\datafun-05-sql\sql_create\02_create_tables.sql
2025-06-06 14:19:56.974 | INFO     | __main__:execute_sql_file:30 - Executed: C:\Projects\datafun-05-sql\sql_create\03_insert_records.sql
2025-06-06 14:19:56.974 | INFO     | __main__:main:60 - Database setup completed successfully.
2025-06-06 14:19:56.975 | INFO     | __main__:main:65 - Database connection closed.
2025-06-06 14:19:57.969 | INFO     | utils_logger:<module>:41 - Logging to file: logs\project_log.log
2025-06-06 14:19:57.969 | INFO     | __main__:main:36 - Starting feature queries execution...
2025-06-06 14:19:57.970 | INFO     | __main__:main:52 - Connected to database: C:\Projects\datafun-05-sql\data\db.sqlite
2025-06-06 14:19:57.981 | INFO     | __main__:execute_sql_file:27 - Executed: C:\Projects\datafun-05-sql\sql_features\01_new_column_pub_age.sql
2025-06-06 14:19:57.982 | ERROR    | __main__:execute_sql_file:29 - Failed to execute C:\Projects\datafun-05-sql\sql_features\02_update_records.sql: duplicate column name: author_age_at_publication
2025-06-06 14:19:57.983 | ERROR    | __main__:main:60 - Error during feature queries execution: duplicate column name: author_age_at_publication
2025-06-06 14:19:57.984 | INFO     | __main__:main:63 - Database connection closed.
2025-06-06 14:20:27.703 | INFO     | utils_logger:<module>:41 - Logging to file: logs\project_log.log
2025-06-06 14:20:27.703 | INFO     | __main__:main:38 - Starting database setup...
2025-06-06 14:20:27.705 | INFO     | __main__:main:52 - Connected to database: C:\Projects\datafun-05-sql\data\db.sqlite
2025-06-06 14:20:27.705 | INFO     | __main__:execute_sql_file:30 - Executed: C:\Projects\datafun-05-sql\sql_create\01_drop_tables.sql
2025-06-06 14:20:27.715 | INFO     | __main__:execute_sql_file:30 - Executed: C:\Projects\datafun-05-sql\sql_create\02_create_tables.sql
2025-06-06 14:20:27.725 | INFO     | __main__:execute_sql_file:30 - Executed: C:\Projects\datafun-05-sql\sql_create\03_insert_records.sql
2025-06-06 14:20:27.726 | INFO     | __main__:main:60 - Database setup completed successfully.
2025-06-06 14:20:27.727 | INFO     | __main__:main:65 - Database connection closed.
2025-06-06 14:20:40.780 | INFO     | utils_logger:<module>:41 - Logging to file: logs\project_log.log
2025-06-06 14:20:40.780 | INFO     | __main__:main:36 - Starting feature queries execution...
2025-06-06 14:20:40.781 | INFO     | __main__:main:52 - Connected to database: C:\Projects\datafun-05-sql\data\db.sqlite
2025-06-06 14:20:40.802 | INFO     | __main__:execute_sql_file:27 - Executed: C:\Projects\datafun-05-sql\sql_features\01_new_column_pub_age.sql
2025-06-06 14:20:40.802 | ERROR    | __main__:execute_sql_file:29 - Failed to execute C:\Projects\datafun-05-sql\sql_features\02_update_records.sql: duplicate column name: author_age_at_publication
2025-06-06 14:20:40.802 | ERROR    | __main__:main:60 - Error during feature queries execution: duplicate column name: author_age_at_publication
2025-06-06 14:20:40.803 | INFO     | __main__:main:63 - Database connection closed.
2025-06-06 14:34:38.631 | INFO     | utils_logger:<module>:41 - Logging to file: logs\project_log.log
2025-06-06 14:34:38.631 | INFO     | __main__:main:38 - Starting database setup...
2025-06-06 14:34:38.632 | INFO     | __main__:main:52 - Connected to database: C:\Projects\datafun-05-sql\data\db.sqlite
2025-06-06 14:34:38.643 | INFO     | __main__:execute_sql_file:30 - Executed: C:\Projects\datafun-05-sql\sql_create\01_drop_tables.sql
2025-06-06 14:34:38.652 | INFO     | __main__:execute_sql_file:30 - Executed: C:\Projects\datafun-05-sql\sql_create\02_create_tables.sql
2025-06-06 14:34:38.660 | INFO     | __main__:execute_sql_file:30 - Executed: C:\Projects\datafun-05-sql\sql_create\03_insert_records.sql
2025-06-06 14:34:38.660 | INFO     | __main__:main:60 - Database setup completed successfully.
2025-06-06 14:34:38.661 | INFO     | __main__:main:65 - Database connection closed.
2025-06-06 14:35:01.373 | INFO     | utils_logger:<module>:41 - Logging to file: logs\project_log.log
2025-06-06 14:35:01.374 | INFO     | __main__:main:36 - Starting feature queries execution...
2025-06-06 14:35:01.375 | INFO     | __main__:main:52 - Connected to database: C:\Projects\datafun-05-sql\data\db.sqlite
2025-06-06 14:35:01.389 | INFO     | __main__:execute_sql_file:27 - Executed: C:\Projects\datafun-05-sql\sql_features\01_new_column_pub_age.sql
2025-06-06 14:35:01.393 | INFO     | __main__:execute_sql_file:27 - Executed: C:\Projects\datafun-05-sql\sql_features\02_update_records.sql
2025-06-06 14:35:01.398 | INFO     | __main__:execute_sql_file:27 - Executed: C:\Projects\datafun-05-sql\sql_features\03_delete_records.sql
2025-06-06 14:35:01.398 | INFO     | __main__:main:58 - Feature queries execution completed successfully.
2025-06-06 14:35:01.399 | INFO     | __main__:main:63 - Database connection closed.
2025-06-06 14:37:42.346 | INFO     | utils_logger:<module>:41 - Logging to file: logs\project_log.log
2025-06-06 14:37:42.347 | INFO     | __main__:main:38 - Starting database setup...
2025-06-06 14:37:42.347 | INFO     | __main__:main:52 - Connected to database: C:\Projects\datafun-05-sql\data\db.sqlite
2025-06-06 14:37:42.363 | INFO     | __main__:execute_sql_file:30 - Executed: C:\Projects\datafun-05-sql\sql_create\01_drop_tables.sql
2025-06-06 14:37:42.371 | INFO     | __main__:execute_sql_file:30 - Executed: C:\Projects\datafun-05-sql\sql_create\02_create_tables.sql
2025-06-06 14:37:42.379 | INFO     | __main__:execute_sql_file:30 - Executed: C:\Projects\datafun-05-sql\sql_create\03_insert_records.sql
2025-06-06 14:37:42.380 | INFO     | __main__:main:60 - Database setup completed successfully.
2025-06-06 14:37:42.380 | INFO     | __main__:main:65 - Database connection closed.
2025-06-06 14:37:43.969 | INFO     | utils_logger:<module>:41 - Logging to file: logs\project_log.log
2025-06-06 14:37:43.969 | INFO     | __main__:main:36 - Starting feature queries execution...
2025-06-06 14:37:43.970 | INFO     | __main__:main:52 - Connected to database: C:\Projects\datafun-05-sql\data\db.sqlite
2025-06-06 14:37:43.980 | INFO     | __main__:execute_sql_file:27 - Executed: C:\Projects\datafun-05-sql\sql_features\01_new_column_pub_age.sql
2025-06-06 14:37:43.985 | INFO     | __main__:execute_sql_file:27 - Executed: C:\Projects\datafun-05-sql\sql_features\02_update_records.sql
2025-06-06 14:37:43.990 | INFO     | __main__:execute_sql_file:27 - Executed: C:\Projects\datafun-05-sql\sql_features\03_delete_records.sql
2025-06-06 14:37:43.990 | INFO     | __main__:main:58 - Feature queries execution completed successfully.
2025-06-06 14:37:43.991 | INFO     | __main__:main:63 - Database connection closed.
2025-06-06 14:45:52.022 | INFO     | utils_logger:<module>:41 - Logging to file: logs\project_log.log
2025-06-06 14:45:52.023 | INFO     | __main__:main:38 - Starting database setup...
2025-06-06 14:45:52.024 | INFO     | __main__:main:52 - Connected to database: C:\Projects\datafun-05-sql\data\db.sqlite
2025-06-06 14:45:52.033 | INFO     | __main__:execute_sql_file:30 - Executed: C:\Projects\datafun-05-sql\sql_create\01_drop_tables.sql
2025-06-06 14:45:52.041 | INFO     | __main__:execute_sql_file:30 - Executed: C:\Projects\datafun-05-sql\sql_create\02_create_tables.sql
2025-06-06 14:45:52.050 | INFO     | __main__:execute_sql_file:30 - Executed: C:\Projects\datafun-05-sql\sql_create\03_insert_records.sql
2025-06-06 14:45:52.050 | INFO     | __main__:main:60 - Database setup completed successfully.
2025-06-06 14:45:52.051 | INFO     | __main__:main:65 - Database connection closed.
2025-06-06 14:45:53.596 | INFO     | utils_logger:<module>:41 - Logging to file: logs\project_log.log
2025-06-06 14:45:53.597 | INFO     | __main__:main:36 - Starting feature queries execution...
2025-06-06 14:45:53.597 | INFO     | __main__:main:52 - Connected to database: C:\Projects\datafun-05-sql\data\db.sqlite
2025-06-06 14:45:53.613 | INFO     | __main__:execute_sql_file:27 - Executed: C:\Projects\datafun-05-sql\sql_features\01_new_column_pub_age.sql
2025-06-06 14:45:53.617 | INFO     | __main__:execute_sql_file:27 - Executed: C:\Projects\datafun-05-sql\sql_features\02_update_records.sql
2025-06-06 14:45:53.621 | INFO     | __main__:execute_sql_file:27 - Executed: C:\Projects\datafun-05-sql\sql_features\03_delete_records.sql
2025-06-06 14:45:53.621 | INFO     | __main__:main:58 - Feature queries execution completed successfully.
2025-06-06 14:45:53.622 | INFO     | __main__:main:63 - Database connection closed.
2025-06-06 14:46:05.509 | INFO     | utils_logger:<module>:41 - Logging to file: logs\project_log.log
2025-06-06 14:46:05.509 | INFO     | __main__:main:36 - Starting queries execution...
2025-06-06 14:46:05.510 | INFO     | __main__:main:52 - Connected to database: C:\Projects\datafun-05-sql\data\db.sqlite
2025-06-06 14:46:05.517 | INFO     | __main__:execute_sql_file:27 - Executed: C:\Projects\datafun-05-sql\sql_queries\01_count_books_by_author.sql
2025-06-06 14:46:05.518 | INFO     | __main__:execute_sql_file:27 - Executed: C:\Projects\datafun-05-sql\sql_queries\02_filter_by_genre.sql
2025-06-06 14:46:05.518 | INFO     | __main__:execute_sql_file:27 - Executed: C:\Projects\datafun-05-sql\sql_queries\03_order_by_age.sql
2025-06-06 14:46:05.520 | INFO     | __main__:execute_sql_file:27 - Executed: C:\Projects\datafun-05-sql\sql_queries\04_group_nationality.sql
2025-06-06 14:46:05.521 | INFO     | __main__:execute_sql_file:27 - Executed: C:\Projects\datafun-05-sql\sql_queries\05_join.sql
2025-06-06 14:46:05.521 | INFO     | __main__:main:58 - Queries execution completed successfully.
2025-06-06 14:46:05.522 | INFO     | __main__:main:63 - Database connection closed.
2025-06-06 14:48:27.493 | INFO     | utils_logger:<module>:41 - Logging to file: logs\project_log.log
2025-06-06 14:48:27.493 | INFO     | __main__:main:38 - Starting database setup...
2025-06-06 14:48:27.494 | INFO     | __main__:main:52 - Connected to database: C:\Projects\datafun-05-sql\data\db.sqlite
2025-06-06 14:48:27.503 | INFO     | __main__:execute_sql_file:30 - Executed: C:\Projects\datafun-05-sql\sql_create\01_drop_tables.sql
2025-06-06 14:48:27.511 | INFO     | __main__:execute_sql_file:30 - Executed: C:\Projects\datafun-05-sql\sql_create\02_create_tables.sql
2025-06-06 14:48:27.519 | INFO     | __main__:execute_sql_file:30 - Executed: C:\Projects\datafun-05-sql\sql_create\03_insert_records.sql
2025-06-06 14:48:27.520 | INFO     | __main__:main:60 - Database setup completed successfully.
2025-06-06 14:48:27.521 | INFO     | __main__:main:65 - Database connection closed.
2025-06-06 14:48:31.262 | INFO     | utils_logger:<module>:41 - Logging to file: logs\project_log.log
2025-06-06 14:48:31.263 | INFO     | __main__:main:36 - Starting feature queries execution...
2025-06-06 14:48:31.263 | INFO     | __main__:main:52 - Connected to database: C:\Projects\datafun-05-sql\data\db.sqlite
2025-06-06 14:48:31.280 | INFO     | __main__:execute_sql_file:27 - Executed: C:\Projects\datafun-05-sql\sql_features\01_new_column_pub_age.sql
2025-06-06 14:48:31.286 | INFO     | __main__:execute_sql_file:27 - Executed: C:\Projects\datafun-05-sql\sql_features\02_update_records.sql
2025-06-06 14:48:31.291 | INFO     | __main__:execute_sql_file:27 - Executed: C:\Projects\datafun-05-sql\sql_features\03_delete_records.sql
2025-06-06 14:48:31.291 | INFO     | __main__:main:58 - Feature queries execution completed successfully.
2025-06-06 14:48:31.292 | INFO     | __main__:main:63 - Database connection closed.
2025-06-06 14:48:38.157 | INFO     | utils_logger:<module>:41 - Logging to file: logs\project_log.log
2025-06-06 14:48:38.157 | INFO     | __main__:main:36 - Starting queries execution...
2025-06-06 14:48:38.158 | INFO     | __main__:main:52 - Connected to database: C:\Projects\datafun-05-sql\data\db.sqlite
2025-06-06 14:48:38.159 | INFO     | __main__:execute_sql_file:27 - Executed: C:\Projects\datafun-05-sql\sql_queries\01_count_books_by_author.sql
2025-06-06 14:48:38.160 | INFO     | __main__:execute_sql_file:27 - Executed: C:\Projects\datafun-05-sql\sql_queries\02_filter_by_genre.sql
2025-06-06 14:48:38.160 | INFO     | __main__:execute_sql_file:27 - Executed: C:\Projects\datafun-05-sql\sql_queries\03_order_by_age.sql
2025-06-06 14:48:38.161 | INFO     | __main__:execute_sql_file:27 - Executed: C:\Projects\datafun-05-sql\sql_queries\04_group_nationality.sql
2025-06-06 14:48:38.163 | INFO     | __main__:execute_sql_file:27 - Executed: C:\Projects\datafun-05-sql\sql_queries\05_join.sql
2025-06-06 14:48:38.163 | INFO     | __main__:main:58 - Queries execution completed successfully.
2025-06-06 14:48:38.163 | INFO     | __main__:main:63 - Database connection closed.
2025-06-06 15:15:33.466 | INFO     | utils_logger:<module>:41 - Logging to file: logs\project_log.log
2025-06-06 15:15:33.467 | INFO     | __main__:main:70 - Starting queries execution...
2025-06-06 15:15:33.468 | INFO     | __main__:main:86 - Connected to database: C:\Projects\datafun-05-sql\data\db.sqlite
2025-06-06 15:15:33.469 | INFO     | __main__:execute_sql_file:29 - Executed: C:\Projects\datafun-05-sql\sql_queries\01_count_books_by_author.sql
2025-06-06 15:15:33.470 | INFO     | __main__:execute_sql_file:29 - Executed: C:\Projects\datafun-05-sql\sql_queries\02_filter_by_genre.sql
2025-06-06 15:15:33.470 | INFO     | __main__:execute_sql_file:29 - Executed: C:\Projects\datafun-05-sql\sql_queries\03_order_by_age.sql
2025-06-06 15:15:33.471 | INFO     | __main__:execute_sql_file:29 - Executed: C:\Projects\datafun-05-sql\sql_queries\04_group_nationality.sql
2025-06-06 15:15:33.471 | INFO     | __main__:execute_sql_file:29 - Executed: C:\Projects\datafun-05-sql\sql_queries\05_join.sql
2025-06-06 15:16:26.998 | INFO     | __main__:main:95 - Queries execution completed successfully.
2025-06-06 15:16:26.999 | INFO     | __main__:main:100 - Database connection closed.
2025-06-06 15:24:48.277 | INFO     | utils_logger:<module>:41 - Logging to file: logs\project_log.log
2025-06-06 15:24:48.278 | INFO     | __main__:main:70 - Starting queries execution...
2025-06-06 15:24:48.279 | INFO     | __main__:main:86 - Connected to database: C:\Projects\datafun-05-sql\data\db.sqlite
2025-06-06 15:24:48.281 | INFO     | __main__:execute_sql_file:29 - Executed: C:\Projects\datafun-05-sql\sql_queries\01_count_books_by_author.sql
2025-06-06 15:24:48.281 | INFO     | __main__:execute_sql_file:29 - Executed: C:\Projects\datafun-05-sql\sql_queries\02_filter_by_genre.sql
2025-06-06 15:24:48.283 | INFO     | __main__:execute_sql_file:29 - Executed: C:\Projects\datafun-05-sql\sql_queries\03_order_by_age.sql
2025-06-06 15:24:48.284 | INFO     | __main__:execute_sql_file:29 - Executed: C:\Projects\datafun-05-sql\sql_queries\04_group_nationality.sql
2025-06-06 15:24:48.285 | INFO     | __main__:execute_sql_file:29 - Executed: C:\Projects\datafun-05-sql\sql_queries\05_join.sql
2025-06-06 15:24:54.122 | INFO     | __main__:main:95 - Queries execution completed successfully.
2025-06-06 15:24:54.123 | INFO     | __main__:main:100 - Database connection closed.
2025-06-06 15:38:24.659 | INFO     | utils_logger:<module>:41 - Logging to file: logs\project_log.log
2025-06-06 15:38:24.660 | INFO     | __main__:main:111 - Starting queries execution...
2025-06-06 15:38:24.661 | INFO     | __main__:main:127 - Connected to database: C:\Projects\datafun-05-sql\data\db.sqlite
2025-06-06 15:38:24.663 | INFO     | __main__:execute_sql_file:29 - Executed: C:\Projects\datafun-05-sql\sql_queries\01_count_books_by_author.sql
2025-06-06 15:38:24.663 | INFO     | __main__:execute_sql_file:29 - Executed: C:\Projects\datafun-05-sql\sql_queries\02_filter_by_genre.sql
2025-06-06 15:38:24.664 | INFO     | __main__:execute_sql_file:29 - Executed: C:\Projects\datafun-05-sql\sql_queries\03_order_by_age.sql
2025-06-06 15:38:24.664 | INFO     | __main__:execute_sql_file:29 - Executed: C:\Projects\datafun-05-sql\sql_queries\04_group_nationality.sql
2025-06-06 15:38:24.666 | INFO     | __main__:execute_sql_file:29 - Executed: C:\Projects\datafun-05-sql\sql_queries\05_join.sql
2025-06-06 15:38:54.466 | INFO     | __main__:summarize_and_plot_sql_file:103 - No numeric columns to plot in C:\Projects\datafun-05-sql\sql_queries\04_group_nationality.sql.
2025-06-06 15:39:02.011 | INFO     | __main__:main:137 - Queries execution completed successfully.
2025-06-06 15:39:02.012 | INFO     | __main__:main:142 - Database connection closed.
2025-06-06 15:42:26.861 | INFO     | utils_logger:<module>:41 - Logging to file: logs\project_log.log
2025-06-06 15:42:26.861 | INFO     | __main__:main:111 - Starting queries execution...
2025-06-06 15:42:26.862 | INFO     | __main__:main:127 - Connected to database: C:\Projects\datafun-05-sql\data\db.sqlite
2025-06-06 15:42:26.863 | INFO     | __main__:execute_sql_file:29 - Executed: C:\Projects\datafun-05-sql\sql_queries\01_count_books_by_author.sql
2025-06-06 15:42:26.864 | INFO     | __main__:execute_sql_file:29 - Executed: C:\Projects\datafun-05-sql\sql_queries\02_filter_by_genre.sql
2025-06-06 15:42:26.864 | INFO     | __main__:execute_sql_file:29 - Executed: C:\Projects\datafun-05-sql\sql_queries\03_order_by_age.sql
2025-06-06 15:42:26.865 | INFO     | __main__:execute_sql_file:29 - Executed: C:\Projects\datafun-05-sql\sql_queries\04_group_nationality.sql
2025-06-06 15:42:26.865 | INFO     | __main__:execute_sql_file:29 - Executed: C:\Projects\datafun-05-sql\sql_queries\05_join.sql
2025-06-06 15:42:40.150 | INFO     | __main__:summarize_and_plot_sql_file:103 - No numeric columns to plot in C:\Projects\datafun-05-sql\sql_queries\04_group_nationality.sql.
2025-06-06 15:42:50.658 | INFO     | __main__:main:137 - Queries execution completed successfully.
2025-06-06 15:42:50.658 | INFO     | __main__:main:142 - Database connection closed.
2025-06-06 15:44:43.555 | INFO     | utils_logger:<module>:41 - Logging to file: logs\project_log.log
2025-06-06 15:44:43.556 | INFO     | __main__:main:111 - Starting queries execution...
2025-06-06 15:44:43.556 | INFO     | __main__:main:127 - Connected to database: C:\Projects\datafun-05-sql\data\db.sqlite
2025-06-06 15:44:43.557 | INFO     | __main__:execute_sql_file:29 - Executed: C:\Projects\datafun-05-sql\sql_queries\01_count_books_by_author.sql
2025-06-06 15:44:43.558 | INFO     | __main__:execute_sql_file:29 - Executed: C:\Projects\datafun-05-sql\sql_queries\02_filter_by_genre.sql
2025-06-06 15:44:43.558 | INFO     | __main__:execute_sql_file:29 - Executed: C:\Projects\datafun-05-sql\sql_queries\03_order_by_age.sql
2025-06-06 15:44:43.559 | INFO     | __main__:execute_sql_file:29 - Executed: C:\Projects\datafun-05-sql\sql_queries\04_group_nationality.sql
2025-06-06 15:44:43.559 | INFO     | __main__:execute_sql_file:29 - Executed: C:\Projects\datafun-05-sql\sql_queries\05_join.sql
2025-06-06 15:45:04.254 | INFO     | __main__:summarize_and_plot_sql_file:103 - No numeric columns to plot in C:\Projects\datafun-05-sql\sql_queries\04_group_nationality.sql.
2025-06-06 15:45:15.368 | INFO     | __main__:main:137 - Queries execution completed successfully.
2025-06-06 15:45:15.368 | INFO     | __main__:main:142 - Database connection closed.
2025-06-06 15:45:31.294 | INFO     | utils_logger:<module>:41 - Logging to file: logs\project_log.log
2025-06-06 15:45:31.295 | INFO     | __main__:main:111 - Starting queries execution...
2025-06-06 15:45:31.295 | INFO     | __main__:main:127 - Connected to database: C:\Projects\datafun-05-sql\data\db.sqlite
2025-06-06 15:45:31.296 | INFO     | __main__:execute_sql_file:29 - Executed: C:\Projects\datafun-05-sql\sql_queries\01_count_books_by_author.sql
2025-06-06 15:45:31.297 | INFO     | __main__:execute_sql_file:29 - Executed: C:\Projects\datafun-05-sql\sql_queries\02_filter_by_genre.sql
2025-06-06 15:45:31.298 | INFO     | __main__:execute_sql_file:29 - Executed: C:\Projects\datafun-05-sql\sql_queries\03_order_by_age.sql
2025-06-06 15:45:31.298 | INFO     | __main__:execute_sql_file:29 - Executed: C:\Projects\datafun-05-sql\sql_queries\04_group_nationality.sql
2025-06-06 15:45:31.299 | INFO     | __main__:execute_sql_file:29 - Executed: C:\Projects\datafun-05-sql\sql_queries\05_join.sql
2025-06-06 15:45:50.556 | INFO     | __main__:summarize_and_plot_sql_file:103 - No numeric columns to plot in C:\Projects\datafun-05-sql\sql_queries\04_group_nationality.sql.
2025-06-06 15:45:54.112 | INFO     | __main__:main:137 - Queries execution completed successfully.
2025-06-06 15:45:54.112 | INFO     | __main__:main:142 - Database connection closed.
2025-06-06 15:45:57.508 | INFO     | utils_logger:<module>:41 - Logging to file: logs\project_log.log
2025-06-06 15:45:57.509 | INFO     | __main__:main:111 - Starting queries execution...
2025-06-06 15:45:57.509 | INFO     | __main__:main:127 - Connected to database: C:\Projects\datafun-05-sql\data\db.sqlite
2025-06-06 15:45:57.511 | INFO     | __main__:execute_sql_file:29 - Executed: C:\Projects\datafun-05-sql\sql_queries\01_count_books_by_author.sql
2025-06-06 15:45:57.511 | INFO     | __main__:execute_sql_file:29 - Executed: C:\Projects\datafun-05-sql\sql_queries\02_filter_by_genre.sql
2025-06-06 15:45:57.511 | INFO     | __main__:execute_sql_file:29 - Executed: C:\Projects\datafun-05-sql\sql_queries\03_order_by_age.sql
2025-06-06 15:45:57.512 | INFO     | __main__:execute_sql_file:29 - Executed: C:\Projects\datafun-05-sql\sql_queries\04_group_nationality.sql
2025-06-06 15:45:57.513 | INFO     | __main__:execute_sql_file:29 - Executed: C:\Projects\datafun-05-sql\sql_queries\05_join.sql
2025-06-06 15:46:15.498 | INFO     | __main__:summarize_and_plot_sql_file:103 - No numeric columns to plot in C:\Projects\datafun-05-sql\sql_queries\04_group_nationality.sql.
2025-06-06 15:46:18.116 | INFO     | __main__:main:137 - Queries execution completed successfully.
2025-06-06 15:46:18.117 | INFO     | __main__:main:142 - Database connection closed.
2025-06-06 15:48:21.330 | INFO     | utils_logger:<module>:41 - Logging to file: logs\project_log.log
2025-06-06 15:48:21.331 | INFO     | __main__:main:111 - Starting queries execution...
2025-06-06 15:48:21.332 | INFO     | __main__:main:127 - Connected to database: C:\Projects\datafun-05-sql\data\db.sqlite
2025-06-06 15:48:21.333 | INFO     | __main__:execute_sql_file:29 - Executed: C:\Projects\datafun-05-sql\sql_queries\01_count_books_by_author.sql
2025-06-06 15:48:21.333 | INFO     | __main__:execute_sql_file:29 - Executed: C:\Projects\datafun-05-sql\sql_queries\02_filter_by_genre.sql
2025-06-06 15:48:21.334 | INFO     | __main__:execute_sql_file:29 - Executed: C:\Projects\datafun-05-sql\sql_queries\03_order_by_age.sql
2025-06-06 15:48:21.334 | INFO     | __main__:execute_sql_file:29 - Executed: C:\Projects\datafun-05-sql\sql_queries\04_group_nationality.sql
2025-06-06 15:48:21.334 | INFO     | __main__:execute_sql_file:29 - Executed: C:\Projects\datafun-05-sql\sql_queries\05_join.sql
2025-06-06 15:48:33.293 | INFO     | __main__:summarize_and_plot_sql_file:103 - No numeric columns to plot in C:\Projects\datafun-05-sql\sql_queries\04_group_nationality.sql.
2025-06-06 15:48:43.648 | INFO     | __main__:main:137 - Queries execution completed successfully.
2025-06-06 15:48:43.648 | INFO     | __main__:main:142 - Database connection closed.
2025-06-06 15:49:40.812 | INFO     | utils_logger:<module>:41 - Logging to file: logs\project_log.log
2025-06-06 15:49:40.813 | INFO     | __main__:main:111 - Starting queries execution...
2025-06-06 15:49:40.814 | INFO     | __main__:main:127 - Connected to database: C:\Projects\datafun-05-sql\data\db.sqlite
2025-06-06 15:49:40.815 | INFO     | __main__:execute_sql_file:29 - Executed: C:\Projects\datafun-05-sql\sql_queries\01_count_books_by_author.sql
2025-06-06 15:49:40.816 | INFO     | __main__:execute_sql_file:29 - Executed: C:\Projects\datafun-05-sql\sql_queries\02_filter_by_genre.sql
2025-06-06 15:49:40.816 | INFO     | __main__:execute_sql_file:29 - Executed: C:\Projects\datafun-05-sql\sql_queries\03_order_by_age.sql
2025-06-06 15:49:40.817 | INFO     | __main__:execute_sql_file:29 - Executed: C:\Projects\datafun-05-sql\sql_queries\04_group_nationality.sql
2025-06-06 15:49:40.817 | INFO     | __main__:execute_sql_file:29 - Executed: C:\Projects\datafun-05-sql\sql_queries\05_join.sql
2025-06-06 15:50:05.551 | INFO     | __main__:main:137 - Queries execution completed successfully.
2025-06-06 15:50:05.551 | INFO     | __main__:main:142 - Database connection closed.
2025-06-06 15:52:02.055 | INFO     | utils_logger:<module>:41 - Logging to file: logs\project_log.log
2025-06-06 15:52:02.055 | INFO     | __main__:main:111 - Starting queries execution...
2025-06-06 15:52:02.056 | INFO     | __main__:main:127 - Connected to database: C:\Projects\datafun-05-sql\data\db.sqlite
2025-06-06 15:52:02.057 | INFO     | __main__:execute_sql_file:29 - Executed: C:\Projects\datafun-05-sql\sql_queries\01_count_books_by_author.sql
2025-06-06 15:52:02.057 | INFO     | __main__:execute_sql_file:29 - Executed: C:\Projects\datafun-05-sql\sql_queries\02_filter_by_genre.sql
2025-06-06 15:52:02.058 | INFO     | __main__:execute_sql_file:29 - Executed: C:\Projects\datafun-05-sql\sql_queries\03_order_by_age.sql
2025-06-06 15:52:02.058 | INFO     | __main__:execute_sql_file:29 - Executed: C:\Projects\datafun-05-sql\sql_queries\04_group_nationality.sql
2025-06-06 15:52:02.059 | INFO     | __main__:execute_sql_file:29 - Executed: C:\Projects\datafun-05-sql\sql_queries\05_join.sql
2025-06-06 15:53:28.005 | INFO     | __main__:main:137 - Queries execution completed successfully.
2025-06-06 15:53:28.005 | INFO     | __main__:main:142 - Database connection closed.
2025-06-06 15:55:26.948 | INFO     | utils_logger:<module>:41 - Logging to file: logs\project_log.log
2025-06-06 15:55:26.948 | INFO     | __main__:main:111 - Starting queries execution...
2025-06-06 15:55:26.949 | INFO     | __main__:main:127 - Connected to database: C:\Projects\datafun-05-sql\data\db.sqlite
2025-06-06 15:55:26.950 | INFO     | __main__:execute_sql_file:29 - Executed: C:\Projects\datafun-05-sql\sql_queries\01_count_books_by_author.sql
2025-06-06 15:55:26.951 | INFO     | __main__:execute_sql_file:29 - Executed: C:\Projects\datafun-05-sql\sql_queries\02_filter_by_genre.sql
2025-06-06 15:55:26.951 | INFO     | __main__:execute_sql_file:29 - Executed: C:\Projects\datafun-05-sql\sql_queries\03_order_by_age.sql
2025-06-06 15:55:26.952 | INFO     | __main__:execute_sql_file:29 - Executed: C:\Projects\datafun-05-sql\sql_queries\04_group_nationality.sql
2025-06-06 15:55:26.952 | ERROR    | __main__:execute_sql_file:31 - Failed to execute C:\Projects\datafun-05-sql\sql_queries\05_join_born_before_1900.sql: no such column: a.author
2025-06-06 15:55:26.953 | ERROR    | __main__:main:139 - Error during queries execution: no such column: a.author
2025-06-06 15:55:26.953 | INFO     | __main__:main:142 - Database connection closed.
2025-06-06 16:03:34.885 | INFO     | utils_logger:<module>:41 - Logging to file: logs\project_log.log
2025-06-06 16:03:34.885 | INFO     | __main__:main:111 - Starting queries execution...
2025-06-06 16:03:34.886 | INFO     | __main__:main:127 - Connected to database: C:\Projects\datafun-05-sql\data\db.sqlite
2025-06-06 16:03:34.887 | INFO     | __main__:execute_sql_file:29 - Executed: C:\Projects\datafun-05-sql\sql_queries\01_count_books_by_author.sql
2025-06-06 16:03:34.888 | INFO     | __main__:execute_sql_file:29 - Executed: C:\Projects\datafun-05-sql\sql_queries\02_filter_by_genre.sql
2025-06-06 16:03:34.889 | INFO     | __main__:execute_sql_file:29 - Executed: C:\Projects\datafun-05-sql\sql_queries\03_order_by_age.sql
2025-06-06 16:03:34.889 | INFO     | __main__:execute_sql_file:29 - Executed: C:\Projects\datafun-05-sql\sql_queries\04_group_nationality.sql
2025-06-06 16:03:34.890 | INFO     | __main__:execute_sql_file:29 - Executed: C:\Projects\datafun-05-sql\sql_queries\05_join_born_before_1900.sql
2025-06-06 16:04:12.091 | INFO     | __main__:main:137 - Queries execution completed successfully.
2025-06-06 16:04:12.092 | INFO     | __main__:main:142 - Database connection closed.
2025-06-06 16:05:19.231 | INFO     | utils_logger:<module>:41 - Logging to file: logs\project_log.log
2025-06-06 16:05:19.231 | INFO     | __main__:main:111 - Starting queries execution...
2025-06-06 16:05:19.232 | INFO     | __main__:main:127 - Connected to database: C:\Projects\datafun-05-sql\data\db.sqlite
2025-06-06 16:05:19.234 | INFO     | __main__:execute_sql_file:29 - Executed: C:\Projects\datafun-05-sql\sql_queries\01_count_books_by_author.sql
2025-06-06 16:05:19.234 | INFO     | __main__:execute_sql_file:29 - Executed: C:\Projects\datafun-05-sql\sql_queries\02_filter_by_genre.sql
2025-06-06 16:05:19.235 | INFO     | __main__:execute_sql_file:29 - Executed: C:\Projects\datafun-05-sql\sql_queries\03_order_by_age.sql
2025-06-06 16:05:19.235 | INFO     | __main__:execute_sql_file:29 - Executed: C:\Projects\datafun-05-sql\sql_queries\04_group_nationality.sql
2025-06-06 16:05:19.236 | ERROR    | __main__:execute_sql_file:31 - Failed to execute C:\Projects\datafun-05-sql\sql_queries\05_join_born_before_1900.sql: near ".": syntax error
2025-06-06 16:05:19.236 | ERROR    | __main__:main:139 - Error during queries execution: near ".": syntax error
2025-06-06 16:05:19.236 | INFO     | __main__:main:142 - Database connection closed.
2025-06-06 16:06:18.304 | INFO     | utils_logger:<module>:41 - Logging to file: logs\project_log.log
2025-06-06 16:06:18.304 | INFO     | __main__:main:111 - Starting queries execution...
2025-06-06 16:06:18.305 | INFO     | __main__:main:127 - Connected to database: C:\Projects\datafun-05-sql\data\db.sqlite
2025-06-06 16:06:18.306 | INFO     | __main__:execute_sql_file:29 - Executed: C:\Projects\datafun-05-sql\sql_queries\01_count_books_by_author.sql
2025-06-06 16:06:18.307 | INFO     | __main__:execute_sql_file:29 - Executed: C:\Projects\datafun-05-sql\sql_queries\02_filter_by_genre.sql
2025-06-06 16:06:18.307 | INFO     | __main__:execute_sql_file:29 - Executed: C:\Projects\datafun-05-sql\sql_queries\03_order_by_age.sql
2025-06-06 16:06:18.308 | INFO     | __main__:execute_sql_file:29 - Executed: C:\Projects\datafun-05-sql\sql_queries\04_group_nationality.sql
2025-06-06 16:06:18.308 | ERROR    | __main__:execute_sql_file:31 - Failed to execute C:\Projects\datafun-05-sql\sql_queries\05_join_born_before_1900.sql: no such column: COUNT
2025-06-06 16:06:18.309 | ERROR    | __main__:main:139 - Error during queries execution: no such column: COUNT
2025-06-06 16:06:18.309 | INFO     | __main__:main:142 - Database connection closed.
2025-06-06 16:06:32.836 | INFO     | utils_logger:<module>:41 - Logging to file: logs\project_log.log
2025-06-06 16:06:32.837 | INFO     | __main__:main:111 - Starting queries execution...
2025-06-06 16:06:32.837 | INFO     | __main__:main:127 - Connected to database: C:\Projects\datafun-05-sql\data\db.sqlite
2025-06-06 16:06:32.839 | INFO     | __main__:execute_sql_file:29 - Executed: C:\Projects\datafun-05-sql\sql_queries\01_count_books_by_author.sql
2025-06-06 16:06:32.839 | INFO     | __main__:execute_sql_file:29 - Executed: C:\Projects\datafun-05-sql\sql_queries\02_filter_by_genre.sql
2025-06-06 16:06:32.840 | INFO     | __main__:execute_sql_file:29 - Executed: C:\Projects\datafun-05-sql\sql_queries\03_order_by_age.sql
2025-06-06 16:06:32.840 | INFO     | __main__:execute_sql_file:29 - Executed: C:\Projects\datafun-05-sql\sql_queries\04_group_nationality.sql
2025-06-06 16:06:32.841 | INFO     | __main__:execute_sql_file:29 - Executed: C:\Projects\datafun-05-sql\sql_queries\05_join_born_before_1900.sql
2025-06-06 16:06:41.834 | INFO     | __main__:summarize_and_plot_sql_file:105 - Not enough columns to plot for C:\Projects\datafun-05-sql\sql_queries\05_join_born_before_1900.sql.
2025-06-06 16:06:41.835 | INFO     | __main__:main:137 - Queries execution completed successfully.
2025-06-06 16:06:41.835 | INFO     | __main__:main:142 - Database connection closed.
2025-06-06 16:07:17.691 | INFO     | utils_logger:<module>:41 - Logging to file: logs\project_log.log
2025-06-06 16:07:17.691 | INFO     | __main__:main:111 - Starting queries execution...
2025-06-06 16:07:17.692 | INFO     | __main__:main:127 - Connected to database: C:\Projects\datafun-05-sql\data\db.sqlite
2025-06-06 16:07:17.693 | INFO     | __main__:execute_sql_file:29 - Executed: C:\Projects\datafun-05-sql\sql_queries\01_count_books_by_author.sql
2025-06-06 16:07:17.693 | INFO     | __main__:execute_sql_file:29 - Executed: C:\Projects\datafun-05-sql\sql_queries\02_filter_by_genre.sql
2025-06-06 16:07:17.694 | INFO     | __main__:execute_sql_file:29 - Executed: C:\Projects\datafun-05-sql\sql_queries\03_order_by_age.sql
2025-06-06 16:07:17.694 | INFO     | __main__:execute_sql_file:29 - Executed: C:\Projects\datafun-05-sql\sql_queries\04_group_nationality.sql
2025-06-06 16:07:17.694 | INFO     | __main__:execute_sql_file:29 - Executed: C:\Projects\datafun-05-sql\sql_queries\05_join_born_before_1900.sql
2025-06-06 16:07:41.920 | INFO     | __main__:main:137 - Queries execution completed successfully.
2025-06-06 16:07:41.921 | INFO     | __main__:main:142 - Database connection closed.
2025-06-06 16:12:04.116 | INFO     | utils_logger:<module>:41 - Logging to file: logs\project_log.log
2025-06-06 16:12:04.116 | INFO     | __main__:main:111 - Starting queries execution...
2025-06-06 16:12:04.117 | INFO     | __main__:main:127 - Connected to database: C:\Projects\datafun-05-sql\data\db.sqlite
2025-06-06 16:12:04.118 | INFO     | __main__:execute_sql_file:29 - Executed: C:\Projects\datafun-05-sql\sql_queries\01_count_books_by_author.sql
2025-06-06 16:12:04.119 | INFO     | __main__:execute_sql_file:29 - Executed: C:\Projects\datafun-05-sql\sql_queries\02_filter_by_genre.sql
2025-06-06 16:12:04.120 | INFO     | __main__:execute_sql_file:29 - Executed: C:\Projects\datafun-05-sql\sql_queries\03_order_by_age.sql
2025-06-06 16:12:04.120 | INFO     | __main__:execute_sql_file:29 - Executed: C:\Projects\datafun-05-sql\sql_queries\04_group_nationality.sql
2025-06-06 16:12:04.121 | INFO     | __main__:execute_sql_file:29 - Executed: C:\Projects\datafun-05-sql\sql_queries\05_join_born_before_1900.sql
2025-06-06 16:12:59.215 | INFO     | __main__:main:137 - Queries execution completed successfully.
2025-06-06 16:12:59.216 | INFO     | __main__:main:142 - Database connection closed.
2025-06-06 16:13:07.170 | INFO     | utils_logger:<module>:41 - Logging to file: logs\project_log.log
2025-06-06 16:13:07.170 | INFO     | __main__:main:111 - Starting queries execution...
2025-06-06 16:13:07.171 | INFO     | __main__:main:127 - Connected to database: C:\Projects\datafun-05-sql\data\db.sqlite
2025-06-06 16:13:07.172 | INFO     | __main__:execute_sql_file:29 - Executed: C:\Projects\datafun-05-sql\sql_queries\01_count_books_by_author.sql
2025-06-06 16:13:07.172 | INFO     | __main__:execute_sql_file:29 - Executed: C:\Projects\datafun-05-sql\sql_queries\02_filter_by_genre.sql
2025-06-06 16:13:07.173 | INFO     | __main__:execute_sql_file:29 - Executed: C:\Projects\datafun-05-sql\sql_queries\03_order_by_age.sql
2025-06-06 16:13:07.173 | INFO     | __main__:execute_sql_file:29 - Executed: C:\Projects\datafun-05-sql\sql_queries\04_group_nationality.sql
2025-06-06 16:13:07.173 | INFO     | __main__:execute_sql_file:29 - Executed: C:\Projects\datafun-05-sql\sql_queries\05_join_born_before_1900.sql
2025-06-06 16:14:13.862 | INFO     | __main__:main:137 - Queries execution completed successfully.
2025-06-06 16:14:13.863 | INFO     | __main__:main:142 - Database connection closed.
